[    0.000000] Initializing cgroup subsys cpuset
[    0.000000] Initializing cgroup subsys cpu
[    0.000000] Initializing cgroup subsys cuacct
[    0.000000] Linux version 4.4.0-143-generic (buildd@lgw01-amd64-041) (gcc verssion 5.4.0 20160609 (Ubuntu 5.4.0-6ubuntu1~16.04.10) ) #169-Ubuntu SMP Thu Feb 7 07:56:38 UTC 2019 (Ubuntu 4.4.0-143.169-generic 4.4.170)
[    0.000000] Command line: BOOT_IMAGE=/boot/vmlinuz-4.4.0-143-generic root=UUID=73651260-a8f2-44b4-b86a-2bbaa51ec794 ro console=tty1 console=ttyS0
[    0.000000] KERNEL supported cpus:
[    0.000000]   Intel GenuineIntel
[    0.000000]   AMD AuthenticAMD
[    0.000000]   Centaur CentaurHauls
[    0.000000] x86/fpu: xstate_offset[2]:  576, xstate_sizes[2]:  256
[    0.000000] x86/fpu: Supporting XSAVE feature 0x01: 'x87 floating point registers'
[    0.000000] x86/fpu: Supporting XSAVE feature 0x02: 'SSE registers'
[    0.000000] x86/fpu: Supporting XSAVE feature 0x04: 'AVX registers'
[    0.000000] x86/fpu: Enabled xstate features 0x7, context size is 832 bytes, using 'standard' format.
[    0.000000] e820: BIOS-provided physical RAM map:
[    0.000000] BIOS-e820: [mem 0x0000000000000000-0x000000000009fbff] usable
[    0.000000] BIOS-e820: [mem 0x000000000009fc00-0x000000000009ffff] reserved
[    0.000000] BIOS-e820: [mem 0x00000000000f0000-0x00000000000fffff] reserved
[    0.000000] BIOS-e820: [mem 0x0000000000100000-0x000000003ffeffff] usable
[    0.000000] BIOS-e820: [mem 0x000000003fff0000-0x000000003fffffff] ACPI data
[    0.000000] BIOS-e820: [mem 0x00000000fec00000-0x00000000fec00fff] reserved
[    0.000000] BIOS-e820: [mem 0x00000000fee00000-0x00000000fee00fff] reserved
[    0.000000] BIOS-e820: [mem 0x00000000fffc0000-0x00000000fffff] reserved
[    0.000000] NX (Execute Disable) protection: active
[    0.000000] SMBIOS 2.5 present.
[    0.000000] Hypervisor detected: KVM
[    0.000000] e820: last_pfn = 0x3fff0 max_arch_pfn = 0x400000000
[    0.000000] MTRR: Disabled
[    0.000000] x86/PAT: MTRRs disabled, skipping PAT initialization too.
[    0.000000] CPU MTRRs all blank - virtualized system.
[    0.000000] x86/PAT: Configuration [0-7]: WB  WT  UC- UC  WB  WT  UC- UC  
[    0.000000] found SMP MP-table at [mem 0x0009fff0-0x0009ffff] mapped at [ffff88000009fff0]
[    0.000000] Scanning 1 areas for low memory corruption
[    0.000000] RAMDISK: [mem 0x361ee000-0x370eefff]
[    0.000000] ACPI: Early table checksum verification disabled
[    0.000000] ACPI: RSDP 0x00000000000E0000 000024 (v02 VBOX  )
[    0.000000] ACPI: XSDT 0x000000003FFF0030 00003C (v01 VBOX   VBOXXSDT 00000001 ASL  00000061)
[    0.000000] ACPI: FACP 0x000000003FFF00F0 0000 (4 VBOX   VBOXFACP 00000001 ASL  00000061)
[    0.000000] ACPI: DSDT 0x000000003FFF0470 0021FF (v02 VBOX   VBOXBIOS 00000002 INTL 20160831)
[    0.000000] ACPI: FACS 0x000000003FFF0200 000040
[    0.000000] ACPI: FACS 0x000000003FFF0200 000040
[    0.000000] ACPI: APIC 0x000000003FFF0240 00005C (v02 VBOX   VBOXAPIC 00000001 ASL  00000061)
[    0.000000] ACPI: SSDT 0x000000003FFF02A0 0001CC (v01 VBOX   VBOXCPUT 00000002 INTL 20160831)
[    0.000000] No NUMA configuration found
[    0.000000] Faking a node at [mem 0x0000000000000000-0x000000003ffeffff]
[    0.000000] NODE_DATA(0) allocated [mem 0x3ffeb000-0x3ffeffff]
[    0.000000] kvm-clock: Using msrs 4b564d01 and 4b564d00
[    0.000000] kvm-clock: cpu 0, msr 0:3ffe3001, primary cpu clock
[    0.000000] kvm-clock: using sched offset of 3213561501 cycles
[    0.000000] clocksource: kvm-clock: mask: 0xffffffffffffffff max_cycles: 0x1cd42e4dffb, max_idle_ns: 881590591483 ns
[    0.000000] Zone ranges:
[    0.000000]   DMA      [mem 0x0000000000001000-0x0000000000ffffff]
[    0.000000]   DMA32    [mem 0x0000000001000000-0x000000003ffeffff]
[    0.000000]   Normal   empty
[    0.000000]   Device   empty
[    0.000000] Movable zone start for each node
[    0.000000] Early memory node ranges
[    0.000000]   node   0: [mem 0x0000000000001000-0x000000000009efff]
[    0.000000]   node   0: [mem 0x0000000000100000-0x000000003ffeffff]
[    0.000000] Initmem setup node 0 [mem 0x0000000000001000-0x000000003ffeffff]
[    0.000000] ACPI: PM-Timer IO Port: 0x4008
[    0.000000] IOAPIC[0]: apic_id 2, version 32, address 0xfec00000, GSI 0-23
[    0.000000] ACPI: INT_SRC_OVR (bus 0 bus_irq 0 global_irq 2 dfl dfl)
[    0.000000] ACPI: INT_SRC_OVR (bus 0 bus_irq 9 global_irq 9 low level)
[    0.000000] Using ACPI (MADT) for SMP configuration information
[    0.000000] smpboot: Allowing 2 CPUs, 0 hotplug CPUs
[    0.000000] PM: Registered nosave memory: [mem 0x00000000-0x00000fff]
[    0.000000] PM: Registered nosave memory: [mem 0x0009f000-0x0009ffff]
[    0.000000] PM: Registered nosave memory: [mem 0x000a0000-0x000effff]
[    0.000000] PM: Registered nosave memory: [mem 0x000f0000-0x000fffff]
[    0.000000] e820: [mem 0x40000000-0xfebfffff] available for PCI devices
[    0.000000] Booting paravirtualized kernel on KVM
[    0.000000] clocksource: refined-jiffies: mask: 0xffffffff max_cycles: 0xffffffff, max_idle_ns: 7645519600211568 ns
[    0.000000] setup_percpu: NR_CPUS:512 nr_cpumask_bits:512 nr_cpu_ids:2 nr_node_ids:1
[    0.000000] PERCPU: Embedded 34 pages/cpu @ffff88003fc00000 s99480 r8192 d31592 u1048576
[    0.000000] Built 1 zonelists in Node order, mobility grouping on.  Total pages: 257912
[    0.000000] Policy zone: DMA32
[    0.000000] Kernel command line: BOOT_IMAGE=/boot/vmlinuz-4.4.0-143-generic root=UUID=73651260-a8f2-44b4-b86a-2bbaa51ec794 ro console=tty1 console=ttyS0
[    0.000000] PID hash table entries: 4096 (order: 3, 32768 bytes)
[    0.000000] Memory: 997168K/1048120K available (8608K kernel code, 1332K rwdata, 4008K rodata, 1484K init, 1316K bss, 50952K reserved, 0K cma-reserved)
[    0.000000] SLUB: HWalign=64, Order=0-3, MinObjects=0, CPUs=2, Nodes=1
[    0.000000] Kernel/User page tables isolation: enabled
[    0.000000] Hierarchical RCU implementation.
[    0.000000] 	Build-time adjustment of leaf fanout to 64.
[    0.000000] 	RCU restricting CPUs from NR_CPUS=512 to nr_cpu_ids=2.
[    0.000000] RCU: Adjusting geometry for rcu_fanout_leaf=64, nr_cpu_ids=2
[    0.000000] NR_IRQS:33024 nr_irqs:440 16
[    0.000000] Console: colour VGA+ 80x25
[    0.000000] console [tty1] enabled
[    0.000000] console [ttyS0] enabled
[    0.000000] tsc: Detected 2207.998 MHz processor
[    0.292439] Calibrating delay loop (skipped) preset value.. 4415.99 BogoMIPS (lpj=8831992)
[    0.294132] pid_max: default: 32768 minimum: 301
[    0.295037] ACPI: Core revision 20150930
[    0.297069] ACPI: 2 ACPI AML tables successfully acquired and loaded
[    0.298342] Security Framework initialized
[    0.299151] Yama: becoming mindful.
[    0.299925] AppArmor: AppArmor initialized
[    0.300593] Dentry cache hash table entries: 131072 (order: 8, 1048576 bytes)
[    0.301977] Inode-cache hash table entries: 65536 (order: 7, 524288 bytes)
[    0.302944] Mount-cache hash table entries: 2048 (order: 2, 16384 bytes)
[    0.309048] Mountpoint-cache hash table entries: 2048 (order: 2, 16384 bytes)
[    0.310178] Initializing cgroup subsys io
[    0.310850] Initializing cgroup subsys memory
[    0.311558] Initializing cgroup subsys devices
[    0.312267] Initializing cgroup subsys freezer
[    0.312972] Initializing cgroup subsys net_cls
[    0.313761] Initializing cgroup subsys perf_event
[    0.314755] Initializing cgroup subsys net_prio
[    0.315470] Initializing cgroup subsys hugetlb
[    0.316104] Initializing cgroup subsys pids
[    0.318347] mce: CPU supports 0 MCE banks
[    0.319047] Last level iTLB entries: 4KB 64, 2MB 8, 4MB 8
[    0.319890] Last level dTLB entries: 4KB 64, 2MB 0, 4MB 0, 1GB 4
[    0.320780] Spectre V2 : Mitigation: Full generic retpoline
[    0.321611] Spectre V2 : Spectre v2 / SpectreRSB mitigation: Filling RSB on context switch
[    0.322903] Speculative Store Bypass: Vulnerable
[    0.325773] Freeing SMP alternatives memory: 32K
[    0.331001] ftrace: allocating 32278 entries in 127 pages
[    0.378270] smpboot: APIC(0) Converting physical 0 to logical package 0
[    0.380415] smpboot: Max logical packages: 1
[    0.381337] x2apic enabled
[    0.382042] Switched APIC routing to physical x2apic.
[    0.383765] ..TIMER: vector=0x30 apic1=0 pin1=2 apic2=-1 pin2=-1
[    0.491295] smpboot: CPU0: Intel(R) Core(TM) i5-7260U CPU @ 2.20GHz (family: 0x6, model: 0x8e, stepping: 0x9)
[    0.492875] Performance Events: unsupported p6 CPU model 142 no PMU driver, software events only.
[    0.502626] KVM setup paravirtual spinlock
[    0.512519] x86: Booting SMP configuration:
[    0.513230] .... node  #0, CPUs:      #1
[    0.513971] kvm-clock: cpu 1, msr 0:3ffe3041, secondary cpu clock
[    0.529466] mce: CPU supports 0 MCE banks
[    0.536822] x86: Booted up 1 node, 2 CPUs
[    0.537633] smpboot: Total of 2 processors activated (8831.99 BogoMIPS)
[    0.538878] devtmpfs: initialized
[    0.540736] evm: security.selinux
[    0.541310] evm: security.SMACK64
[    0.541848] evm: security.SMACK64EXEC
[    0.542424] evm: security.SMACK64TRANSMUTE
[    0.544167] evm: security.SMACK64MMAP
[    0.550036] evm: security.ima
[    0.550550] evm: security.capability
[    0.551302] clocksource: jiffies: mask: 0xffffffff max_cycles: 0xffffffff, max_idle_ns: 7645041785100000 ns
[    0.552616] futex hash table entries: 512 (order: 3, 32768 bytes)
[    0.553531] pinctrl core: initialized pinctrl subsystem
[    0.554350] RTC time:  7:32:30, date: 03/20/19
[    0.556489] NET: Registered protocol family 16
[    0.567388] cpuidle: using governor ladder
[    0.579580] cpuidle: using governor menu
[    0.585614] PCCT header not found.
[    0.586448] ACPI: bus type PCI registered
[    0.587278] acpiphp: ACPI Hot Plug PCI Controller Driver version: 0.5
[    0.588528] PCI: Using configuration type 1 for base access
[    0.600255] ACPI: Added _OSI(Module Device)
[    0.602216] ACPI: Added _OSI(Processor Device)
[    0.603076] ACPI: Added _OSI(3.0 _SCP Extensions)
[    0.603987] ACPI: Added _OSI(Processor Aggregator Device)
[    0.606849] ACPI: Executed 1 blocks of module-level executable AML code
[    0.611728] ACPI: Interpreter enabled
[    0.612316] ACPI: (supports S0 S5)
[    0.612854] ACPI: Using IOAPIC for interrupt routing
[    0.613704] PCI: Using host bridge windows from ACPI; if necessary, use "pci=nocrs" and report a bug
[    0.617740] ACPI: PCI Root Bridge [PCI0] (domain 0000 [bus 00-ff])
[    0.618678] acpi PNP0A03:00: _OSC: OS supports [ASPM ClockPM Segments MSI]
[    0.619710] acpi PNP0A03:00: _OSC: not requesting OS control; OS requires [ExtendedConfig ASPM ClockPM MSI]
[    0.621201] acpi PNP0A03:00: fail to add MMCONFIG information, can't access extended PCI configuration space under this bridge.
[    0.623096] PCI host bridge to bus 0000:00
[    0.623750] pci_bus 0000:00: root bus resource [io  0x0000-0x0cf7 window]
[    0.624747] pci_bus 0000:00: root bus resource [io  0x0d00-0xffff window]
[    0.625741] pci_bus 0000:00: root bus resource [mem 0x000a0000-0x000bffff window]
[    0.627003] pci_bus 0000:00: root bus resource [mem 0x40000000-0xfdffffff window]
[    0.628260] pci_bus 0000:00: root bus resource [bus 00-ff]
[    0.630293] pci 0000:00:01.1: legacy IDE quirk: reg 0x10: [io  0x01f0-0x01f7]
[    0.631364] pci 0000:00:01.1: legacy IDE quirk: reg 0x14: [io  0x03f6]
[    0.632352] pci 0000:00:01.1: legacy IDE quirk: reg 0x18: [io  0x0170-0x0177]
[    0.633393] pci 0000:00:01.1: legacy IDE quirk: reg 0x1c: [io  0x0376]
[    0.645296] pci 0000:00:07.0: quirk: [io  0x4000-0x403f] claimed by PIIX4 ACPI
[    0.651758] pci 0000:00:07.0: quirk: [io  0x4100-0x410f] claimed by PIIX4 SMB
[    0.666740] ACPI: PCI Interrupt Link [LNKA] (IRQs 5 9 10 *11)
[    0.674570] ACPI: PCI Interrupt Link [LNKB] (IRQs 5 9 *10 11)
[    0.675799] ACPI: PCI Interrupt Link [LNKC] (IRQs 5 *9 10 11)
[    0.677025] ACPI: PCI Interrupt Link [LNKD] (IRQs 5 9 10 *11)
[    0.678288] ACPI: Enabled 2 GPEs in block 00 to 07
[    0.679438] vgaarb: setting as boot device: PCI:0000:00:02.0
[    0.680308] vgaarb: device added: PCI:0000:00:02.0,decodes=io+mem,owns=io+mem,locks=none
[    0.683550] vgaarb: loaded
[    0.684046] vgaarb: bridge control possible 0000:00:02.0
[    0.685030] SCSI subsystem initialized
[    0.685792] ACPI: bus type USB registered
[    0.691654] usbcore: registered new interface driver usbfs
[    0.692416] usbcore: registered new interface driver hub
[    0.693161] usbcore: registered new device driver usb
[    0.694411] PCI: Using ACPI for IRQ routing
[    0.695329] NetLabel: Initializing
[    0.695902] NetLabel:  domain hash size = 128
[    0.696561] NetLabel:  protocols = UNLABELED CIPSOv4
[    0.697259] NetLabel:  unlabeled traffic allowed by default
[    0.698101] amd_nb: Cannot enumerate AMD northbridges
[    0.698819] clocksource: Switched to clocksource kvm-clock
[    0.704772] AppArmor: AppArmor Filesystem Enabled
[    0.736111] pnp: PnP ACPI init
[    0.737559] pnp: PnP ACPI: found 3 devices
[    0.745973] clocksource: acpi_pm: mask: 0xffffff max_cycles: 0xffffff, max_idle_ns: 2085701024 ns
[    0.747696] NET: Regisered protocol family 2
[    0.778569] TCP established hash table entries: 8192 (order: 4, 65536 bytes)
[    0.779811] TCP bind hash table entries: 8192 (order: 5, 131072 bytes)
[    0.780983] TCP: Hash tables configured (established 8192 bind 8192)
[    0.782098] UDP hash table entries: 512 (order: 2, 16384 bytes)
[    0.783163] UDP-Lite hash table entries: 512 (order: 2, 16384 bytes)
[    0.784360] NET: Registered protocol family 1
[    0.785225] pci 0000:00:00.0: Limiting direct PCI/PCI transfers
[    0.786300] pci 0000:00:01.0: Activating ISA DMA hang workarounds
[    0.787536] Unpacking initramfs...
[    0.972025] Freeing initrd memory: 15364K
[    0.988046] platform rtc_cmos: registered platform RTC device (no PNP device found)
[    1.008849] Scanning for low memory corruption every 60 seconds
[    1.010021] audit: initializing netlink subsys (disabled)
[    1.010843] audit: type=2000 audit(1553067155.845:1): initialized
[    1.011872] Initialise system trusted keyring
[    1.012661] HugeTLB registered 2 MB page size, pre-allocated 0 pages
[    1.014581] zbud: loaded
[    1.015393] VFS: Disk quotas dquot_6.6.0
[    1.016024] VFS: Dquot-cache hash table entries: 512 (order 0, 4096 bytes)
[    1.017088] squashfs: version 4.0 (2009/01/31) Phillip Lougher
[    1.018098] fuse init (API version 7.23)
[    1.018809] Key type big_key registered
[    1.019458] Allocating IMA MOK and blacklist keyrings.
[    1.021014] Key type asymmetric registered
[    1.021705] Asymmetric key parser 'x509' registered
[    1.022533] Block layer SCSI generic (bsg) driver version 0.4 loaded (major 249)
[    1.025428] io scheduler noop registered
[    1.026097] io scheduler deadline registered (default)
[    1.026901] io scheduler cfq registered
[    1.027590] pci_hotplug: PCI Hot Plug PCI Core version: 0.5
[    1.034800] pciehp: PCI Express Hot Plug Controller Driver version: 0.4
[    1.035764] ACPI: AC Adapter [AC] (on-line)
[    1.036425] input: Power Button as /devices/LNXSYSTM:00/LNXPWRBN:00/input/input0
[    1.037500] ACPI: Power Button [PWRF]
[    1.040366] input: Sleep Button as /devices/LNXSYSTM:00/LNXSLPBN:00/input/input1
[    1.041460] ACPI: Sleep Button [SLPF]
[    1.042207] GHES: HEST is not enabled!
[    1.042886] Serial: 8250/16550 driver, 32 ports, IRQ sharing enabled
[    1.077269] 00:02: ttyS0 at I/O 0x3f8 (irq = 4, base_baud = 115200) is a 16550A
[    1.079580] Linux agpgart interface v0.103
[    1.081927] loop: module loaded
[    1.084571] scsi host0: ata_piix
[    1.085296] scsi host1: ata_piix
[    1.085919] ata1: PATA max UDMA/33 cmd 0x1f0 ctl 0x3f6 bmdma 0xd000 irq 14
[    1.086853] ata2: PATA max UDMA/33 cmd 0x170 ctl 0x376 bmdma 0xd008 irq 15
[    1.087836] libphy: Fixed MDIO Bus: probed
[    1.093637] tun: Universal TUN/TAP device driver, 1.6
[    1.094365] tun: (C) 1999-2004 Max Krasnyansky <maxk@qualcomm.com>
[    1.095204] PPP generic driver version 2.4.2
[    1.095902] ehci_hcd: USB 2.0 'Enhanced' Host Controller (EHCI) Driver
[    1.096755] ehci-pci: EHCI PCI platform driver
[    1.097406] ehci-platform: EHCI generic platform driver
[    1.098130] ohci_hcd: USB 1.1 'Open' Host Controller (OHCI) Driver
[    1.098920] ohci-pci: OHCI PCI platform driver
[    1.099602] ohci-platform: OHCI generic platform driver
[    1.100325] uhci_hcd: USB Universal Host Controller Interface driver
[    1.101182] i8042: PNP: PS/2 Controller [PNP0303:PS2K,PNP0f03:PS2M] at 0x60,0x64 irq 1,12
[    1.102818] serio: i8042 KBD port at 0x60,0x64 irq 1
[    1.103812] serio: i8042 AUX port at 0x60,0x64 irq 12
[    1.104949] mousedev: PS/2 mouse device common for all mice
[    1.106384] input: AT Translated Set 2 keyboard as /devices/platform/i8042/serio0/input/input2
[    1.108254] rtc_cmos rtc_cmos: rtc core: registered rtc_cmos as rtc0
[    1.109132] rtc_cmos rtc_cmos: alarms up to one day, 114 bytes nvram
[    1.109963] i2c /dev entries driver
[    1.110567] device-mapper: uevent: version 1.0.3
[    1.111358] device-mapper: ioctl: 4.34.0-ioctl (2015-10-28) initialised: dm-devel@redhat.com
[    1.112598] ledtrig-cpu: registered to indicate activity on CPUs
[    1.115339] NET: Registered protocol family 10
[    1.116389] NET: Registered protocol family 17
[    1.117275] Key type dns_resolver registered
[    1.118523] registered taskstats version 1
[    1.119400] Loading compiled-in X.509 certificates
[    1.121022] Loaded X.509 cert 'Build time autogenerated kernel key: d03773f65dd2b75b701d4dd50cb1e8d0c07b3b6e'
[    1.122851] zswap: loaded using pool lzo/zbud
[    1.125367] Key type trusted registered
[    1.136054] Key type encrypted registered
[    1.143869] AppArmor: AppArmor sha1 policy hashing enabled
[    1.150169] ima: No TPM chip found, activating TPM-bypass!
[    1.156539] ima: Allocated hash algorithm: sha1
[    1.159820] evm: HMAC attrs: 0x1
[    1.160678]   Magic number: 11:701:521
[    1.176794] rtc_cmos rtc_cmos: setting system clock to 2019-03-20 07:32:31 UTC (1553067151)
[    1.178261] BIOS EDD facility v0.16 2004-Jun-25, 0 devices found
[    1.179168] EDD information not available.
[    1.244113] Freeing unused kernel memory: 1484K
[    1.255039] Write protecting the kernel read-only data: 14336k
[    1.778720] Freeing unused kernel memory: 1620K
[    1.779858] Freeing unused kernel memory: 88K
Loading, please wait...
[    1.791344] random: systemd-udevd: uninitialized urandom read (16 bytes read, 3 bits of entropy available)
starting version 229
[    1.791956] random: udevadm: uninitialized urandom read (16 bytes read, 3 bits of entropy available)
[    1.791973] random: udevadm: uninitialized urandom read (16 bytes read, 3 bits of entropy available)
[    1.800099] random: udevadm: uninitialized urandom read (16 bytes read, 3 bits of entropy available)
[    1.800134] random: udevadm: uninitialized urandom read (16 bytes read, 3 bits of entropy available)
[    1.800238] random: udevadm: uninitialized urandom read (16 bytes read, 3 bits of entropy available)
[    1.800277] random: udevadm: uninitialized urandom read (16 bytes read, 3 bits of entropy available)
[    1.800314] random: udevadm: uninitialized urandom read (16 bytes read, 3 bits of entropy available)
[    1.800355] random: udevadm: uninitialized urandom read (16 bytes read, 3 bits of entropy available)
[    1.800392] random: udevadm: uninitialized urandom read (16 bytes read, 3 bits of entropy available)
[    1.847034] e1000: Intel(R) PRO/1000 Network Driver - version 7.3.21-k8-NAPI
[    1.848232] e1000: Copyright (c) 1999-2006 Intel Corporation.
[    1.853990] Fusion MPT base driver 3.04.20
[    1.863097] Copyright (c) 1999-2008 LSI Corporation
[    1.875473] Fusion MPT SPI Host driver 3.04.20
[    1.896894] AVX2 version of gcm_enc/dec engaged.
[    1.908452] AES CTR mode by8 optimization enabled
[    1.986893] tsc: Refined TSC clocksource calibration: 2208.370 MHz
[    1.989142] clocksource: tsc: mask: 0xffffffffffffffff max_cycles: 0x1fd5159b947, max_idle_ns: 440795253810 ns
[    2.068808] input: ImExPS/2 Generic Explorer Mouse as /devices/platform/i8042/serio1/input/input4
[    2.189951] e1000 0000:00:03.0 eth0: (PCI:33MHz:32-bit) 02:b4:5c:5b:e6:80
[    2.196598] e1000 0000:00:03.0 eth0: Intel(R) PRO/1000 Network Connection
[    2.807111] e1000 0000:00:08.0 eth1: (PCI:33MHz:32-bit) 08:00:27:2c:18:20
[    2.815573] e1000 0000:00:08.0 eth1: Intel(R) PRO/1000 Network Connection
[    2.819064] e1000 0000:00:03.0 enp0s3: renamed from eth0
[    2.820745] mptbase: ioc0: Initiating bringup
[    2.835261] e1000 0000:00:08.0 enp0s8: renamed from eth1
[    2.891516] ioc0: LSI53C1030 A0: Capabilities={Initiator}
[    3.099412] scsi host2: ioc0: LSI53C1030 A0, FwRev=00000000h, Ports=1, MaxQ=256, IRQ=20
[    3.216437] scsi 2:0:0:0: Direct-Access     VBOX     HARDDISK         1.0  PQ: 0 ANSI: 5
[    3.228723] scsi target2:0:0: Beginning Domain Validation
[    3.235186] scsi target2:0:0: Domain Validation skipping write tests
[    3.238691] scsi target2:0:0: Ending Domain Validation
[    3.241725] scsi target2:0:0: asynchronous
[    3.246013] scsi 2:0:1:0: Direct-Access     VBOX     HARDDISK         1.0  PQ: 0 ANSI: 5
[    3.249977] scsi target2:0:1: Beginning Domain Validation
[    3.254132] scsi target2:0:1: Domain Validation skipping write tests
[    3.256046] scsi target2:0:1: Ending Domain Validation
[    3.257630] scsi target2:0:1: asynchronous
[    3.274718] sd 2:0:0:0: Attached scsi generic sg0 type 0
[    3.279897] sd 2:0:0:0: [sda] 20971520 512-byte logical blocks: (10.7 GB/10.0 GiB)
[    3.287832] sd 2:0:1:0: [sdb] 20480 512-byte logical blocks: (10.5 MB/10.0 MiB)
[    3.294099] sd 2:0:1:0: Attached scsi generic sg1 type 0
[    3.294168] sd 2:0:0:0: [sda] Write Protect is off
[    3.301009] sd 2:0:1:0: [sdb] Write Protect is off
[    3.315232] sd 2:0:0:0: [sda] Incomplete mode parameter data
[    3.323505] sd 2:0:0:0: [sda] Assuming drive cache: write through
[    3.324697] sd 2:0:1:0: [sdb] Incomplete mode parameter data
[    3.325543]  sda: sda1
[    3.326055] sd 2:0:0:0: [sda] Attached SCSI disk
[    3.403982] sd 2:0:1:0: [sdb] Assuming drive cache: write through
[    3.407668] sd 2:0:1:0: [sdb] Attached SCSI disk
Begin: Loading e[    4.691719] md: linear personality registered for level -1
ssential drivers ... [    4.727141] md: multipath personality registered for level -4
[    4.736202] md: raid0 personality registered for level 0
[    4.739930] md: raid1 personality registered for level 1
[    4.823116] raid6: sse2x1   gen() 11746 MB/s
[    4.894356] raid6: sse2x1   xor()  9120 MB/s
[    4.984341] raid6: sse2x2   gen() 14647 MB/s
[    5.074918] raid6: sse2x2   xor()  9821 MB/s
[    5.150881] raid6: sse2x4   gen() 16315 MB/s
[    5.227026] raid6: sse2x4   xor() 11108 MB/s
[    5.295905] raid6: avx2x1   gen() 23789 MB/s
[    5.364337] raid6: avx2x2   gen() 27415 MB/s
[    5.431533] raid6: avx2x4   gen() 26904 MB/s
[    5.465033] raid6: using algorithm avx2x2 gen() 27415 MB/s
[    5.465878] raid6: using avx2x2 recovery algorithm
[    5.467910] xor: automatically using best checksumming function:
[    5.506842]    avx       : 35107.000 MB/sec
[    5.514024] async_tx: api initialized (async)
[    5.523650] md: raid6 personality registered for level 6
[    5.524497] md: raid5 personality registered for level 5
[    5.525205] md: raid4 personality registered for level 4
[    5.530833] md: raid10 personality registered for level 10
done.
Begin: Running /scripts/init-premount ... done.
Begin: Mounting root file system ... Begin: Running /scripts/local-top ... done.
Begin: Running /scripts/local-premount ... [    5.564543] Btrfs loaded
Scanning for Btrfs filesystems
done.
Warning: fsck not present, so skipping root file system
[    5.630584] EXT4-fs (sda1): INFO: recovery required on readonly filesystem
[    5.631835] EXT4-fs (sda1): write access will be enabled during recovery
[    5.708818] EXT4-fs (sda1): orphan cleanup on readonly fs
[    5.711131] EXT4-fs (sda1): 7 orphan inodes deleted
[    5.711970] EXT4-fs (sda1): recovery complete
[    5.713152] EXT4-fs (sda1): mounted filesystem with ordered data mode. Opts: (null)
done.
Begin: Running /scripts/local-bottom ... done.
Begin: Running /scripts/init-bottom ... done.
[    5.924089] systemd[1]: systemd 229 running in system mode. (+PAM +AUDIT +SELINUX +IMA +APPARMOR +SMACK +SYSVINIT +UTMP +LIBCRYPTSETUP +GCRYPT +GNUTLS +ACL +XZ -LZ4 +SECCOMP +BLKID +ELFUTILS +KMOD -IDN)
[    5.940489] systemd[1]: Detected virtualization oracle.
[    5.942078] systemd[1]: Detected architecture x86-64.

Welcome to [1mUbuntu 16.04.5 LTS[0m!

[    5.946274] systemd[1]: Set hostname to <ubuntu-xenial>.
[    6.077097] systemd[1]: Listening on LVM2 metadata daemon socket.
[[0;32m  OK  [0m] Listening on LVM2 metadata daemon socket.
[    6.078965] systemd[1]: Reached target Encrypted Volumes.
[[0;32m  OK  [0m] Reached target Encrypted Volumes.
[    6.080514] systemd[1]: Set up automount Arbitrary Executable File Formats File System Automount Point.
[[0;32m  OK  [0m] Set up automount Arbitrary Executab...ats File System Automount Point.
[    6.087829] systemd[1]: Started Trigger resolvconf update for networkd DNS.
[[0;32m  OK  [0m] Started Trigger resolvconf update for networkd DNS.
[    6.089781] systemd[1]: Listening on Journal Socket.
[[0;32m  OK  [0m] Listening on Journal Socket.
[    6.092403] systemd[1]: Reached target User and Group Name Lookups.
[[0;32m  OK  [0m] Reached target User and Group Name Lookups.
[    6.099749] systemd[1]: Listening on /dev/initctl Compatibility Named Pipe.
[[0;32m  OK  [0m] Listening on /dev/initctl Compatibility Named Pipe.
[    6.102861] systemd[1]: Listening on udev Kernel Socket.
[[0;32m  OK  [0m] Listening on udev Kernel Socket.
[    6.105462] systemd[1]: Created slice User and Session Slice.
[[0;32m  OK  [0m] Created slice User and Session Slice.
[    6.107388] systemd[1]: Listening on Syslog Socket.
[[0;32m  OK  [0m] Listening on Syslog Socket.
[    6.109869] systemd[1]: Listening on Journal Audit Socket.
[[0;32m  OK  [0m] Listening on Journal Audit Socket.
[    6.111391] systemd[1]: Listening on udev Control Socket.
[[0;32m  OK  [0m] Listening on udev Control Socket.
[    6.112817] systemd[1]: Listening on Journal Socket (/dev/log).
[[0;32m  OK  [0m] Listening on Journal Socket (/dev/log).
[    6.114368] systemd[1]: Started Forward Password Requests to Wall Directory Watch.
[[0;32m  OK  [0m] Started Forward Password Requests to Wall Directory Watch.
[    6.124089] systemd[1]: Created slice System Slice.
[[0;32m  OK  [0m] Created slice System Slice.
[    6.142004] systemd[1]: Starting Journal Service...
         Starting Journal Service...
[    6.161542] systemd[1]: Starting Load Kernel Modules...
         Starting Load Kernel Modules...
[    6.164241] systemd[1]: Reached target Slices.
[[0;32m  OK  [[    6.169343] Loading iSCSI transport class v2.0-870.
0m] Reached target Slices.
[    6.172890] systemd[1]: Starting Create list of required static device nodes for the current kernel...
         Startin[    6.178891] iscsi: registered transport (tcp)
g Create list of required st... nodes for the current kernel...
[    6.188425] systemd[1]: Starting Set console keymap...
         Starting Set console ke[    6.212450] iscsi: registered transport (iser)
ymap...
[    6.259088] systemd[1]: Starting Remount Root and Kernel File Systems...
[    6.264936] EXT4-fs (sda1): re-mounted. Opts: (null)
         Starting Remount Root and Kernel File Systems...
[    6.299964] systemd[1]: Starting Uncomplicated firewall...
         Starting Uncomplicated firewall...
[    6.317128] systemd[1]: Starting Nameserver information manager...
         Starting Nameserver information manager...
[    6.325159] systemd[1]: Created slice system-serial\x2dgetty.slice.
[[0;32m  OK  [0m] Created slice system-serial\x2dgetty.slice.
[    6.328312] systemd[1]: Mounting Huge Pages File System...
         Mounting Huge Pages File System...
[    6.338740] systemd[1]: Listening on LVM2 poll daemon socket.
[[0;32m  OK  [0m] Listening on LVM2 poll daemon socket.
[    6.340795] systemd[1]: Reached target Swap.
[[0;32m  OK  [0m] Reached target Swap.
[    6.342297] systemd[1]: Reached target System Time Synchronized.
[[0;32m  OK  [0m] Reached target System Time Synchronized.
[    6.352393] systemd[1]: Listening on Device-mapper event daemon FIFOs.
[[0;32m  OK  [0m] Listening on Device-mapper event daemon FIFOs.
[    6.451164] systemd[1]: Starting Monitoring of LVM2 mirrors, snapshots etc. using dmeventd or progress polling...
         Starting Monitoring of LVM2 mirrors... dmeventd or prog[    6.478493] random: nonblocking pool is initialized
ress polling...
[    6.498972] systemd[1]: Mounting Debug File System...
         Mounting Debug File System...
[    6.527786] systemd[1]: Mounting POSIX Message Queue File System...
         Mounting POSIX Message Queue File System...
[    6.567132] systemd[1]: Mounted Debug File System.
[[0;32m  OK  [0m] Mounted Debug File System.
[    6.568605] systemd[1]: Mounted POSIX Message Queue File System.
[[0;32m  OK  [0m] Mounted POSIX Message Queue File System.
[    6.570367] systemd[1]: Mounted Huge Pages File System.
[[0;32m  OK  [0m] Mounted Huge Pages File System.
[    6.574278] systemd[1]: Started Journal Service.
[[0;32m  OK  [0m] Started Journal Service.
[[0;32m  OK  [0m] Started Load Kernel Modules.
[[0;32m  OK  [0m] Started Create list of required sta...ce nodes for the current kernel.
[[0;32m  OK  [0m] Started Set console keymap.
[[0;32m  OK  [0m] Started Remount Root and Kernel File Systems.
[[0;32m  OK  [0m] Started Uncomplicated firewall.
[[0;32m  OK  [0m] Started Nameserver information manager.
[[0;32m  OK  [0m] Started LVM2 metadata daemon.
         Starting udev Coldplug all Devices...
         Starting Load/Save Random Seed...
         Starting Create Static Device Nodes in /dev...
         Mounting FUSE Control File System...
         Starting Apply Kernel Variables...
         Starting Flush Journal to Persistent Storage...
[[0;32m  OK  [0m] Mounted FUSE Control File System.
[[0;32m  OK  [0m] Started Load/Save Random Seed.
[[0;32m  OK  [0m] Started Create Static Device Nodes in /dev.
[[0;32m  OK  [0m] Started Apply Kernel Variables.
[[0;32m  OK  [0m] Started udev Coldplug all Devices.
[[0;32m  OK  [0m] Started Flush Journal to Persistent Storage.
         Starting udev Kernel Device Manager...
[[0;32m  OK  [0m] Started udev Kernel Device Manager.
[[0;32m  OK  [0m] Started Dispatch Password Requests to Console Directory Watch.
[[0;32m  OK  [0m] Started Monitoring of LVM2 mirrors,...ng dmeventd or progress polling.
[[0;32m  OK  [0m] Reached target Local File Systems (Pre).
[[0;32m  OK  [0m] Reached target Local File Systems.
         Starting Create Volatile Files and Directories...
         Starting LSB: AppArmor initialization...
         Starting Set console font and keymap...
         Starting Initial cloud-init job (pre-networking)...
         Starting Tell Plymouth To Write Out Runtime Data...
[[0;32m  OK  [0m] Started Create Volatile Files and Directories.
[[0;32m  OK  [0m] Started Tell Plymouth To Write Out Runtime Data.
[[0;32m  OK  [0m] Found device /dev/ttyS0.
[[0;32m  OK  [0m] Listening on Load/Save RF Kill Switch Status /dev/rfkill Watch.
         Starting Update UTMP about System Boot/Shutdown...
[[0;32m  OK  [0m] Started LSB: AppArmor initialization.
[[0;32m  OK  [0m] Started Update UTMP about System Boot/Shutdown.
[[0;32m  OK  [0m] Started Set console font and keymap.
[[0;32m  OK  [0m] Created slice system-getty.slice.
[    7.550472] cloud-init[543]: Cloud-init v. 18.4-0ubuntu1~16.04.2 running 'init-local' at Wed, 20 Mar 2019 07:32:38 +0000. Up 7.34 seconds.
[[0;32m  OK  [0m] Started Initial cloud-init job (pre-networking).
[[0;32m  OK  [0m] Reached target Network (Pre).
[[0;32m  OK  [0m] Started ifup for enp0s3.
[[0;32m  OK  [0m] Started ifup for enp0s8.
         Starting Raise network interfaces...
[[0;32m  OK  [0m] Started Raise network interfaces.
[[0;32m  OK  [0m] Reached target Network.
         Starting Initial cloud-init job (metadata service crawler)...
[    8.164499] cloud-init[1053]: Cloud-init v. 18.4-0ubuntu1~16.04.2 running 'init' at Wed, 20 Mar 2019 07:32:38 +0000. Up 7.96 seconds.
[    8.168716] cloud-init[1053]: ci-info: ++++++++++++++++++++++++++++++++++++++Net device info+++++++++++++++++++++++++++++++++++++++
[    8.170304] cloud-init[1053]: ci-info: +--------+------+-----------------------------+---------------+--------+-------------------+
[    8.232326] cloud-init[1053]: ci-info: | Device |  Up  |           Address           |      Mask     | Scope  |     Hw-Address    |
[    8.232518] cloud-init[1053]: ci-info: +--------+------+-----------------------------+---------------+--------+-------------------+
[[0;32m  OK  [0m] Started Initial cloud-init job (metadata service crawler).
[    8.232635] cloud-init[1053]: ci-info: | enp0s3 | True |          10.0.2.15          | 255.255.255.0 | global | 02:b4:5c:5b:e6:80 |
[    8.237810] cloud-init[1053]: ci-info: | enp0s3 | True |  fe80::b4:5cff:fe5b:e680/64 |       .       |  link  | 02:b4:5c:5b:e6:80 |
[    8.239173] cloud-init[1053]: ci-info: | enp0s8 | True |        192.168.33.13        | 255.255.255.0 | global | 08:00:27:2c:18:20 |
[    8.252975] cloud-init[1053]: ci-info: | enp0s8 | True | fe80::a00:27ff:fe2c:1820/64 |       .       |  link  | 08:00:27:2c:18:20 |
[    8.253231] cloud-init[1053]: ci-info: |   lo   | True |          127.0.0.1          |   255.0.0.0   |  host  |         .         |
[[0;32m  OK  [0m] Reached target Cloud-config availability.
[    8.253481] cloud-init[1053]: ci-info: |   lo   | True |           ::1/128           |       .       |  host  |         .         |
[    8.271149] cloud-init[1053]: ci-info: +--------+------+-----------------------------+---------------+--------+-------------------+
[    8.271218] cloud-init[1053]: ci-info: ++++++++++++++++++++++++++++Route IPv4 info++++++++++++++++++++++++++++
[    8.271323] cloud-init[1053]: ci-info: +-------+--------------+----------+---------------+-----------+-------+
[    8.271437] cloud-init[1053]: ci-info: | Route | Destination  | Gateway  |    Genmask    | Interface | Flags |
[    8.271534] cloud-init[1053]: ci-info: +-------+--------------+----------+---------------+-----------+-------+
[    8.271639] cloud-init[1053]: ci-info: |   0   |   0.0.0.0    | 10.0.2.2 |    0.0.0.0    |   enp0s3  |   UG  |
[    8.271747] cloud-init[1053]: ci-info: |   1   |   10.0.2.0   | 0.0.0.0  | 255.255.255.0 |   enp0s3  |   U   |
[    8.271853] cloud-init[1053]: ci-info: |   2   | 192.168.33.0 | 0.0.0.0  | 255.255.255.0 |   enp0s8  |   U   |
[    8.271965] cloud-init[1053]: ci-info: +-------+--------------+----------+---------------+-----------+-------+
[    8.272179] cloud-init[1053]: ci-info: +++++++++++++++++++Route IPv6 info+++++++++++++++++++
[    8.272281] cloud-init[1053]: ci-info: +-------+-------------+---------+-----------+-------+
[    8.272404] cloud-init[1053]: ci-info: | Route | Destination | Gateway | Interface | Flags |
[    8.272547] cloud-init[1053]: ci-info: +-------+-------------+---------+-----------+-------+
[    8.272648] cloud-init[1053]: ci-info: |   0   |  fe80::/64  |    ::   |   enp0s8  |   U   |
[    8.272759] cloud-init[1053]: ci-info: |   1   |  fe80::/64  |    ::   |   enp0s3  |   U   |
[    8.272870] cloud-init[1053]: ci-info: |   4   |   ff00::/8  |    ::   |   enp0s8  |   U   |
[    8.272978] cloud-init[1053]: ci-info: |   5   |   ff00::/8  |    ::   |   enp0s3  |   U   |
[    8.273097] cloud-init[1053]: ci-info: +-------+-------------+---------+-----------+-------+
[[0;32m  OK  [0m] Reached target Network is Online.
         Starting iSCSI initiator daemon (iscsid)...
[[0;32m  OK  [0m] Reached target System Initialization.
[[0;32m  OK  [0m] Listening on D-Bus System Message Bus Socket.
         Starting Socket activation for snappy daemon.
         Starting LXD - unix socket.
[[0;32m  OK  [0m] Started Daily Cleanup of Temporary Directories.
[[0;32m  OK  [0m] Started ACPI Events Check.
[[0;32m  OK  [0m] Reached target Paths.
[[0;32m  OK  [0m] Started Daily apt download activities.
[[0;32m  OK  [0m] Started Daily apt upgrade and clean activities.
[[0;32m  OK  [0m] Reached target Timers.
[[0;32m  OK  [0m] Listening on ACPID Listen Socket.
[[0;32m  OK  [0m] Listening on UUID daemon activation socket.
[[0;32m  OK  [0m] Listening on Socket activation for snappy daemon.
[[0;32m  OK  [0m] Listening on LXD - unix socket.
[[0;32m  OK  [0m] Started iSCSI initiator daemon (iscsid).
         Starting Login to default iSCSI targets...
[[0;32m  OK  [0m] Reached target Sockets.
[[0;32m  OK  [0m] Reached target Basic System.
[[0;32m  OK  [0m] Started Deferred execution scheduler.
[[0;32m  OK  [0m] Started FUSE filesystem for LXC.
[[0;32m  OK  [0m] Started Regular background program processing daemon.
         Starting System Logging Service...
         Starting Snappy daemon...
         Starting MySQL Community Server...
         Starting LSB: MD monitoring daemon...
         Starting /etc/rc.local Compatibility...
         Starting LXD - container startup/shutdown...
         Starting Login Service...
         Starting LSB: Record successful boot for GRUB...
         Starting Virtualbox guest utils...
[[0;32m  OK  [0m] Started ACPI event daemon.
[[0;32m  OK  [0m] Started Unattended Upgrades Shutdown.
         Starting Accounts Service...
         Starting OpenBSD Secure Shell server...
         Starting The PHP 7.0 FastCGI Process Manager...
[[0;32m  OK  [0m] Started D-Bus System Message Bus.
[[0;32m  OK  [0m] Started System Logging Service.
[[0;32m  OK  [0m] Started /etc/rc.local Compatibility.
[[0;32m  OK  [0m] Started LXD - container startup/shutdown.
[[0;32m  OK  [0m] Started OpenBSD Secure Shell server.
[[0;32m  OK  [0m] Started Snappy daemon.
[[0;32m  OK  [0m] Started Login to default iSCSI targets.
[[0;32m  OK  [0m] Started LSB: MD monitoring daemon.
[[0;32m  OK  [0m] Started LSB: Record successful boot for GRUB.
[[0;32m  OK  [0m] Started Virtualbox guest utils.
[[0;32m  OK  [0m] Started Login Service.
         Starting Authenticate and Authorize Users to Run Privileged Tasks...
[[0;32m  OK  [0m] Reached target Remote File Systems (Pre).
[[0;32m  OK  [0m] Reached target Remote File Systems.
         Starting Permit User Sessions...
         Starting LSB: Apache2 web server...
         Starting LSB: Set the CPU Frequency Scaling governor to "ondemand"...
         Starting LSB: automatic crash report generation...
         Starting LSB: daemon to balance interrupts for SMP systems...
         Starting Wait until snapd is fully seeded...
[[0;32m  OK  [0m] Started The PHP 7.0 FastCGI Process Manager.
[[0;32m  OK  [0m] Started Permit User Sessions.
[[0;32m  OK  [0m] Started Wait until snapd is fully seeded.
[[0;32m  OK  [0m] Started Authenticate and Authorize Users to Run Privileged Tasks.
[[0;32m  OK  [0m] Started Accounts Service.
[[0;32m  OK  [0m] Started LSB: Set the CPU Frequency Scaling governor to "ondemand".
         Starting Apply the settings specified in cloud-config...
         Starting Terminate Plymouth Boot Screen...
         Starting Hold until boot process finishes up...
[[0;32m  OK  [0m] Started LSB: automatic crash report generation.
[[0;32m  OK  [0m] Started LSB: daemon to balance interrupts for SMP systems.
[[0;32m  OK  [0m] Started Terminate Plymouth Boot Screen.
[[0;32m  OK  [0m] Started Hold until boot process finishes up.
         Starting Set console scheme...
[[0;32m  OK  [0m] Started Getty on tty1.
[[0;32m  OK  [0m] Started Serial Getty on ttyS0.
[[0;32m  OK  [0m] Reached target Login Prompts.
[[0;32m  OK  [0m] Started Set console scheme.
[   10.074831] cloud-init[1321]: Cloud-init v. 18.4-0ubuntu1~16.04.2 running 'modules:config' at Wed, 20 Mar 2019 07:32:40 +0000. Up 10.01 seconds.
[[0;32m  OK  [0m] Started Apply the settings specified in cloud-config.
[[0;32m  OK  [0m] Started LSB: Apache2 web server.
[[0;32m  OK  [0m] Started MySQL Community Server.
[[0;32m  OK  [0m] Reached target Multi-User System.
[[0;32m  OK  [0m] Reached target Graphical Interface.
         Starting Execute cloud user/final scripts...
         Starting Update UTMP about System Runlevel Changes...
[[0;32m  OK  [0m] Started Update UTMP about System Runlevel Changes.
[   11.645651] cloud-init[1394]: Cloud-init v. 18.4-0ubuntu1~16.04.2 running 'modules:final' at Wed, 20 Mar 2019 07:32:42 +0000. Up 11.57 seconds.
[   11.649517] cloud-init[1394]: Cloud-init v. 18.4-0ubuntu1~16.04.2 finished at Wed, 20 Mar 2019 07:32:42 +0000. Datasource DataSourceNoCloud [seed=/dev/sdb][dsmode=net].  Up 11.64 seconds
[[0;32m  OK  [0m] Started Execute cloud user/final scripts.
         Starting Daily apt download activities...
[[0;32m  OK  [0m] Reached target Cloud-init target.
[[0;32m  OK  [0m] Created slice User Slice of vagrant.
         Starting User Manager for UID 1000...
[[0;32m  OK  [0m] Started Session 1 of user vagrant.
[[0;32m  OK  [0m] Started User Manager for UID 1000.

Ubuntu 16.04.5 LTS ubuntu-xenial ttyS0

ubuntu-xenial login: 